{"/Users/ayyoub/Documents/react/learning/rest_api_node_ts_server/src/router.ts": {"path":"/Users/ayyoub/Documents/react/learning/rest_api_node_ts_server/src/router.ts","statementMap":{"0":{"start":{"line":1,"column":0},"end":{"line":1,"column":33}},"1":{"start":{"line":2,"column":0},"end":{"line":2,"column":48}},"2":{"start":{"line":3,"column":0},"end":{"line":3,"column":null}},"3":{"start":{"line":11,"column":0},"end":{"line":11,"column":49}},"4":{"start":{"line":13,"column":15},"end":{"line":13,"column":23}},"5":{"start":{"line":16,"column":0},"end":{"line":16,"column":29}},"6":{"start":{"line":17,"column":0},"end":{"line":22,"column":2}},"7":{"start":{"line":24,"column":0},"end":{"line":39,"column":2}},"8":{"start":{"line":35,"column":23},"end":{"line":35,"column":32}},"9":{"start":{"line":40,"column":0},"end":{"line":58,"column":2}},"10":{"start":{"line":51,"column":23},"end":{"line":51,"column":32}},"11":{"start":{"line":59,"column":0},"end":{"line":64,"column":2}},"12":{"start":{"line":65,"column":0},"end":{"line":70,"column":2}},"13":{"start":{"line":72,"column":0},"end":{"line":72,"column":22}}},"fnMap":{"0":{"name":"(anonymous_0)","decl":{"start":{"line":35,"column":12},"end":{"line":35,"column":13}},"loc":{"start":{"line":35,"column":23},"end":{"line":35,"column":32}}},"1":{"name":"(anonymous_1)","decl":{"start":{"line":51,"column":12},"end":{"line":51,"column":13}},"loc":{"start":{"line":51,"column":23},"end":{"line":51,"column":32}}}},"branchMap":{},"s":{"0":2,"1":2,"2":2,"3":2,"4":2,"5":2,"6":2,"7":2,"8":4,"9":2,"10":5,"11":2,"12":2,"13":2},"f":{"0":4,"1":5},"b":{}}
,"/Users/ayyoub/Documents/react/learning/rest_api_node_ts_server/src/server.ts": {"path":"/Users/ayyoub/Documents/react/learning/rest_api_node_ts_server/src/server.ts","statementMap":{"0":{"start":{"line":7,"column":0},"end":{"line":7,"column":7}},"1":{"start":{"line":1,"column":0},"end":{"line":1,"column":30}},"2":{"start":{"line":2,"column":0},"end":{"line":2,"column":30}},"3":{"start":{"line":3,"column":0},"end":{"line":3,"column":29}},"4":{"start":{"line":4,"column":0},"end":{"line":4,"column":28}},"5":{"start":{"line":8,"column":2},"end":{"line":14,"column":3}},"6":{"start":{"line":9,"column":4},"end":{"line":9,"column":28}},"7":{"start":{"line":10,"column":4},"end":{"line":10,"column":14}},"8":{"start":{"line":13,"column":4},"end":{"line":13,"column":73}},"9":{"start":{"line":17,"column":0},"end":{"line":17,"column":12}},"10":{"start":{"line":20,"column":15},"end":{"line":20,"column":24}},"11":{"start":{"line":23,"column":0},"end":{"line":23,"column":27}},"12":{"start":{"line":25,"column":0},"end":{"line":25,"column":36}},"13":{"start":{"line":27,"column":0},"end":{"line":29,"column":3}},"14":{"start":{"line":28,"column":2},"end":{"line":28,"column":33}},"15":{"start":{"line":31,"column":0},"end":{"line":31,"column":22}}},"fnMap":{"0":{"name":"connectDB","decl":{"start":{"line":7,"column":22},"end":{"line":7,"column":31}},"loc":{"start":{"line":7,"column":31},"end":{"line":15,"column":1}}},"1":{"name":"(anonymous_2)","decl":{"start":{"line":27,"column":19},"end":{"line":27,"column":20}},"loc":{"start":{"line":27,"column":32},"end":{"line":29,"column":1}}}},"branchMap":{},"s":{"0":2,"1":2,"2":2,"3":2,"4":2,"5":3,"6":3,"7":2,"8":1,"9":2,"10":2,"11":2,"12":2,"13":2,"14":1,"15":2},"f":{"0":3,"1":1},"b":{}}
,"/Users/ayyoub/Documents/react/learning/rest_api_node_ts_server/src/config/db.ts": {"path":"/Users/ayyoub/Documents/react/learning/rest_api_node_ts_server/src/config/db.ts","statementMap":{"0":{"start":{"line":1,"column":0},"end":{"line":1,"column":49}},"1":{"start":{"line":2,"column":0},"end":{"line":2,"column":28}},"2":{"start":{"line":3,"column":0},"end":{"line":3,"column":24}},"3":{"start":{"line":4,"column":0},"end":{"line":4,"column":46}},"4":{"start":{"line":6,"column":0},"end":{"line":6,"column":16}},"5":{"start":{"line":8,"column":11},"end":{"line":17,"column":2}},"6":{"start":{"line":19,"column":0},"end":{"line":19,"column":24}},"7":{"start":{"line":21,"column":0},"end":{"line":21,"column":18}}},"fnMap":{},"branchMap":{},"s":{"0":2,"1":2,"2":2,"3":2,"4":2,"5":2,"6":2,"7":2},"f":{},"b":{}}
,"/Users/ayyoub/Documents/react/learning/rest_api_node_ts_server/src/handlers/product.ts": {"path":"/Users/ayyoub/Documents/react/learning/rest_api_node_ts_server/src/handlers/product.ts","statementMap":{"0":{"start":{"line":2,"column":0},"end":{"line":2,"column":46}},"1":{"start":{"line":4,"column":27},"end":{"line":13,"column":1}},"2":{"start":{"line":8,"column":19},"end":{"line":11,"column":4}},"3":{"start":{"line":12,"column":2},"end":{"line":12,"column":31}},"4":{"start":{"line":4,"column":13},"end":{"line":4,"column":27}},"5":{"start":{"line":14,"column":30},"end":{"line":26,"column":1}},"6":{"start":{"line":18,"column":17},"end":{"line":18,"column":27}},"7":{"start":{"line":19,"column":18},"end":{"line":19,"column":44}},"8":{"start":{"line":21,"column":2},"end":{"line":24,"column":3}},"9":{"start":{"line":22,"column":4},"end":{"line":22,"column":62}},"10":{"start":{"line":23,"column":4},"end":{"line":23,"column":11}},"11":{"start":{"line":25,"column":2},"end":{"line":25,"column":30}},"12":{"start":{"line":14,"column":13},"end":{"line":14,"column":30}},"13":{"start":{"line":28,"column":29},"end":{"line":34,"column":1}},"14":{"start":{"line":32,"column":18},"end":{"line":32,"column":48}},"15":{"start":{"line":33,"column":2},"end":{"line":33,"column":42}},"16":{"start":{"line":28,"column":13},"end":{"line":28,"column":29}},"17":{"start":{"line":35,"column":29},"end":{"line":53,"column":1}},"18":{"start":{"line":39,"column":17},"end":{"line":39,"column":27}},"19":{"start":{"line":40,"column":18},"end":{"line":40,"column":44}},"20":{"start":{"line":43,"column":2},"end":{"line":46,"column":3}},"21":{"start":{"line":44,"column":4},"end":{"line":44,"column":62}},"22":{"start":{"line":45,"column":4},"end":{"line":45,"column":11}},"23":{"start":{"line":49,"column":2},"end":{"line":49,"column":33}},"24":{"start":{"line":50,"column":2},"end":{"line":50,"column":23}},"25":{"start":{"line":52,"column":2},"end":{"line":52,"column":30}},"26":{"start":{"line":35,"column":13},"end":{"line":35,"column":29}},"27":{"start":{"line":54,"column":34},"end":{"line":72,"column":1}},"28":{"start":{"line":58,"column":17},"end":{"line":58,"column":27}},"29":{"start":{"line":59,"column":18},"end":{"line":59,"column":44}},"30":{"start":{"line":62,"column":2},"end":{"line":65,"column":3}},"31":{"start":{"line":63,"column":4},"end":{"line":63,"column":62}},"32":{"start":{"line":64,"column":4},"end":{"line":64,"column":11}},"33":{"start":{"line":68,"column":2},"end":{"line":68,"column":58}},"34":{"start":{"line":69,"column":2},"end":{"line":69,"column":23}},"35":{"start":{"line":71,"column":2},"end":{"line":71,"column":30}},"36":{"start":{"line":54,"column":13},"end":{"line":54,"column":34}},"37":{"start":{"line":73,"column":29},"end":{"line":90,"column":1}},"38":{"start":{"line":77,"column":17},"end":{"line":77,"column":27}},"39":{"start":{"line":78,"column":18},"end":{"line":78,"column":44}},"40":{"start":{"line":81,"column":2},"end":{"line":84,"column":3}},"41":{"start":{"line":82,"column":4},"end":{"line":82,"column":62}},"42":{"start":{"line":83,"column":4},"end":{"line":83,"column":11}},"43":{"start":{"line":87,"column":2},"end":{"line":87,"column":26}},"44":{"start":{"line":89,"column":2},"end":{"line":89,"column":43}},"45":{"start":{"line":73,"column":13},"end":{"line":73,"column":29}}},"fnMap":{"0":{"name":"(anonymous_1)","decl":{"start":{"line":4,"column":27},"end":{"line":4,"column":32}},"loc":{"start":{"line":7,"column":19},"end":{"line":13,"column":1}}},"1":{"name":"(anonymous_2)","decl":{"start":{"line":14,"column":30},"end":{"line":14,"column":35}},"loc":{"start":{"line":17,"column":19},"end":{"line":26,"column":1}}},"2":{"name":"(anonymous_3)","decl":{"start":{"line":28,"column":29},"end":{"line":28,"column":34}},"loc":{"start":{"line":31,"column":19},"end":{"line":34,"column":1}}},"3":{"name":"(anonymous_4)","decl":{"start":{"line":35,"column":29},"end":{"line":35,"column":34}},"loc":{"start":{"line":38,"column":19},"end":{"line":53,"column":1}}},"4":{"name":"(anonymous_5)","decl":{"start":{"line":54,"column":34},"end":{"line":54,"column":39}},"loc":{"start":{"line":57,"column":19},"end":{"line":72,"column":1}}},"5":{"name":"(anonymous_6)","decl":{"start":{"line":73,"column":29},"end":{"line":73,"column":34}},"loc":{"start":{"line":76,"column":19},"end":{"line":90,"column":1}}}},"branchMap":{"0":{"loc":{"start":{"line":21,"column":2},"end":{"line":24,"column":3}},"type":"if","locations":[{"start":{"line":21,"column":2},"end":{"line":24,"column":3}}]},"1":{"loc":{"start":{"line":43,"column":2},"end":{"line":46,"column":3}},"type":"if","locations":[{"start":{"line":43,"column":2},"end":{"line":46,"column":3}}]},"2":{"loc":{"start":{"line":62,"column":2},"end":{"line":65,"column":3}},"type":"if","locations":[{"start":{"line":62,"column":2},"end":{"line":65,"column":3}}]},"3":{"loc":{"start":{"line":81,"column":2},"end":{"line":84,"column":3}},"type":"if","locations":[{"start":{"line":81,"column":2},"end":{"line":84,"column":3}}]}},"s":{"0":2,"1":2,"2":2,"3":2,"4":2,"5":2,"6":2,"7":2,"8":2,"9":1,"10":1,"11":1,"12":2,"13":2,"14":1,"15":1,"16":2,"17":2,"18":2,"19":2,"20":2,"21":1,"22":1,"23":1,"24":1,"25":1,"26":2,"27":2,"28":2,"29":2,"30":2,"31":1,"32":1,"33":1,"34":1,"35":1,"36":2,"37":2,"38":2,"39":2,"40":2,"41":1,"42":1,"43":1,"44":1,"45":2},"f":{"0":2,"1":2,"2":1,"3":2,"4":2,"5":2},"b":{"0":[1],"1":[1],"2":[1],"3":[1]}}
,"/Users/ayyoub/Documents/react/learning/rest_api_node_ts_server/src/middleware/index.ts": {"path":"/Users/ayyoub/Documents/react/learning/rest_api_node_ts_server/src/middleware/index.ts","statementMap":{"0":{"start":{"line":2,"column":0},"end":{"line":2,"column":53}},"1":{"start":{"line":5,"column":33},"end":{"line":16,"column":1}},"2":{"start":{"line":7,"column":19},"end":{"line":7,"column":40}},"3":{"start":{"line":9,"column":4},"end":{"line":12,"column":7}},"4":{"start":{"line":10,"column":8},"end":{"line":10,"column":57}},"5":{"start":{"line":11,"column":8},"end":{"line":11,"column":15}},"6":{"start":{"line":14,"column":4},"end":{"line":14,"column":null}},"7":{"start":{"line":5,"column":13},"end":{"line":5,"column":33}}},"fnMap":{"0":{"name":"(anonymous_0)","decl":{"start":{"line":5,"column":33},"end":{"line":5,"column":34}},"loc":{"start":{"line":5,"column":88},"end":{"line":16,"column":1}}}},"branchMap":{"0":{"loc":{"start":{"line":9,"column":4},"end":{"line":12,"column":7}},"type":"if","locations":[{"start":{"line":9,"column":4},"end":{"line":12,"column":7}}]}},"s":{"0":2,"1":2,"2":17,"3":17,"4":8,"5":8,"6":9,"7":2},"f":{"0":17},"b":{"0":[8]}}
,"/Users/ayyoub/Documents/react/learning/rest_api_node_ts_server/src/models/Product.model.ts": {"path":"/Users/ayyoub/Documents/react/learning/rest_api_node_ts_server/src/models/Product.model.ts","statementMap":{"0":{"start":{"line":1,"column":0},"end":{"line":1,"column":79}},"1":{"start":{"line":7,"column":0},"end":{"line":23,"column":null}},"2":{"start":{"line":11,"column":12},"end":{"line":11,"column":null}},"3":{"start":{"line":16,"column":12},"end":{"line":16,"column":null}},"4":{"start":{"line":22,"column":12},"end":{"line":22,"column":null}},"5":{"start":{"line":7,"column":6},"end":{"line":23,"column":null}},"6":{"start":{"line":25,"column":0},"end":{"line":25,"column":null}}},"fnMap":{},"branchMap":{},"s":{"0":3,"1":3,"2":3,"3":3,"4":3,"5":3,"6":3},"f":{},"b":{}}
}
