TN:
SF:src/router.ts
FN:35,(anonymous_0)
FN:51,(anonymous_1)
FNF:2
FNH:2
FNDA:4,(anonymous_0)
FNDA:5,(anonymous_1)
DA:1,2
DA:2,2
DA:3,2
DA:11,2
DA:13,2
DA:16,2
DA:17,2
DA:24,2
DA:35,4
DA:40,2
DA:51,5
DA:59,2
DA:65,2
DA:72,2
LF:14
LH:14
BRF:0
BRH:0
end_of_record
TN:
SF:src/server.ts
FN:7,connectDB
FN:27,(anonymous_2)
FNF:2
FNH:2
FNDA:3,connectDB
FNDA:1,(anonymous_2)
DA:1,2
DA:2,2
DA:3,2
DA:4,2
DA:7,2
DA:8,3
DA:9,3
DA:10,2
DA:13,1
DA:17,2
DA:20,2
DA:23,2
DA:25,2
DA:27,2
DA:28,1
DA:31,2
LF:16
LH:16
BRF:0
BRH:0
end_of_record
TN:
SF:src/config/db.ts
FNF:0
FNH:0
DA:1,2
DA:2,2
DA:3,2
DA:4,2
DA:6,2
DA:8,2
DA:19,2
DA:21,2
LF:8
LH:8
BRF:0
BRH:0
end_of_record
TN:
SF:src/handlers/product.ts
FN:4,(anonymous_1)
FN:14,(anonymous_2)
FN:28,(anonymous_3)
FN:35,(anonymous_4)
FN:54,(anonymous_5)
FN:73,(anonymous_6)
FNF:6
FNH:6
FNDA:2,(anonymous_1)
FNDA:2,(anonymous_2)
FNDA:1,(anonymous_3)
FNDA:2,(anonymous_4)
FNDA:2,(anonymous_5)
FNDA:2,(anonymous_6)
DA:2,2
DA:4,2
DA:8,2
DA:12,2
DA:14,2
DA:18,2
DA:19,2
DA:21,2
DA:22,1
DA:23,1
DA:25,1
DA:28,2
DA:32,1
DA:33,1
DA:35,2
DA:39,2
DA:40,2
DA:43,2
DA:44,1
DA:45,1
DA:49,1
DA:50,1
DA:52,1
DA:54,2
DA:58,2
DA:59,2
DA:62,2
DA:63,1
DA:64,1
DA:68,1
DA:69,1
DA:71,1
DA:73,2
DA:77,2
DA:78,2
DA:81,2
DA:82,1
DA:83,1
DA:87,1
DA:89,1
LF:40
LH:40
BRDA:21,0,0,1
BRDA:43,1,0,1
BRDA:62,2,0,1
BRDA:81,3,0,1
BRF:4
BRH:4
end_of_record
TN:
SF:src/middleware/index.ts
FN:5,(anonymous_0)
FNF:1
FNH:1
FNDA:17,(anonymous_0)
DA:2,2
DA:5,2
DA:7,17
DA:9,17
DA:10,8
DA:11,8
DA:14,9
LF:7
LH:7
BRDA:9,0,0,8
BRF:1
BRH:1
end_of_record
TN:
SF:src/models/Product.model.ts
FNF:0
FNH:0
DA:1,3
DA:7,3
DA:11,3
DA:16,3
DA:22,3
DA:25,3
LF:6
LH:6
BRF:0
BRH:0
end_of_record
